2026-03-16 17:46:53,532 INFO supervisord started with pid 1
2026-03-16 17:46:54,535 INFO spawned: 'queue-worker' with pid 7
2026-03-16 17:46:55,538 INFO success: queue-worker entered RUNNING state, process has stayed up for > than 1 seconds (startsecs)
2026-03-16 17:47:00,548 WARN received SIGQUIT indicating exit request
2026-03-16 17:47:00,549 INFO waiting for queue-worker to die
2026-03-16 17:47:00,563 INFO stopped: queue-worker (exit status 0)
2026-03-16 17:47:01,739 INFO supervisord started with pid 1
2026-03-16 17:47:02,743 INFO spawned: 'queue-worker' with pid 6
2026-03-16 17:47:03,768 INFO success: queue-worker entered RUNNING state, process has stayed up for > than 1 seconds (startsecs)
2026-03-16 18:47:05,484 INFO exited: queue-worker (exit status 0; expected)
2026-03-16 18:47:06,558 INFO spawned: 'queue-worker' with pid 96
2026-03-16 18:47:07,571 INFO success: queue-worker entered RUNNING state, process has stayed up for > than 1 seconds (startsecs)
2026-03-16 19:47:08,683 INFO exited: queue-worker (exit status 0; expected)
2026-03-16 19:47:09,708 INFO spawned: 'queue-worker' with pid 101
2026-03-16 19:47:10,715 INFO success: queue-worker entered RUNNING state, process has stayed up for > than 1 seconds (startsecs)
2026-03-16 20:17:45,501 WARN received SIGQUIT indicating exit request
2026-03-16 20:17:45,526 INFO waiting for queue-worker to die
2026-03-16 20:17:45,746 INFO stopped: queue-worker (exit status 0)
2026-03-16 20:17:50,116 INFO supervisord started with pid 1
2026-03-16 20:17:51,119 INFO spawned: 'queue-worker' with pid 8
2026-03-16 20:17:52,125 INFO success: queue-worker entered RUNNING state, process has stayed up for > than 1 seconds (startsecs)
2026-03-16 20:18:51,331 WARN received SIGQUIT indicating exit request
2026-03-16 20:18:51,332 INFO waiting for queue-worker to die
2026-03-16 20:18:51,400 INFO stopped: queue-worker (exit status 0)
2026-03-16 20:19:08,886 INFO supervisord started with pid 1
2026-03-16 20:19:09,965 INFO spawned: 'queue-worker' with pid 7
2026-03-16 20:19:11,115 INFO success: queue-worker entered RUNNING state, process has stayed up for > than 1 seconds (startsecs)
